This is e-pTeX, Version 3.1415926-p3.4-110825-2.6 (utf8.euc) (TeX Live 2013) (format=platex 2014.5.1)  9 FEB 2015 19:50
entering extended mode
 restricted \write18 enabled.
 %&-line parsing enabled.
**IN201503.tex
(./IN201503.tex
pLaTeX2e <2006/11/10> (based on LaTeX2e <2011/06/27> patch level 0)
Babel <3.9f> and hyphenation patterns for 78 languages loaded.
(./ieicej.cls
Document Class: ieicej 2010/04/05 v1.6a for Transactions of IEICE
\@JQ=\dimen118
\@Q=\dimen119
\@EM=\dimen120
\c@@paper=\count81
\@authorlist=\toks15
\@authorcnt=\count82
\@alcnt=\count83
\p@alcnt=\count84
\@totalnumber=\count85
\authornamesep=\dimen121
\tn@dn=\count86
\@spcnt=\count87
\alignorder=\count88
\totalnumberm@ne=\count89
\@authorcntp@ne=\count90
\chk@alcnt=\count91
\chk@p@alcnt=\count92
\eabstractbox=\box41
\ekeywordbox=\box42
\Pauthorsep=\dimen122
\jabstractbox=\box43
\jkeywordbox=\box44
\c@section=\count93
\c@subsection=\count94
\c@subsubsection=\count95
\c@paragraph=\count96
\c@subparagraph=\count97
\@hlskip=\skip41
\verbatimleftmargin=\dimen123
\verbatimbaselineskip=\dimen124
\c@figure=\count98
\c@table=\count99
\abovecaptionskip=\skip42
\belowcaptionskip=\skip43
\@tempboxb=\box45
\capwidth=\dimen125
\ecapwidth=\dimen126
\symmincho=\mathgroup4
LaTeX Font Info:    Overwriting symbol font `mincho' in version `bold'
(Font)                  JY1/mc/m/n --> JY1/gt/m/n on input line 2852.
\bibindent=\dimen127
\c@profile=\count100
\mathindent=\dimen128
\@minsofar=\count101
\@min=\count102
\@cite@temp=\count103
) (/usr/local/texlive/2013/texmf-dist/tex/latex/graphics/graphicx.sty
Package: graphicx 1999/02/16 v1.0f Enhanced LaTeX Graphics (DPC,SPQR)

(/usr/local/texlive/2013/texmf-dist/tex/latex/graphics/keyval.sty
Package: keyval 1999/03/16 v1.13 key=value parser (DPC)
\KV@toks@=\toks16
)
(/usr/local/texlive/2013/texmf-dist/tex/latex/graphics/graphics.sty
Package: graphics 2009/02/05 v1.0o Standard LaTeX Graphics (DPC,SPQR)

(/usr/local/texlive/2013/texmf-dist/tex/latex/graphics/trig.sty
Package: trig 1999/03/16 v1.09 sin cos tan (DPC)
)
(/usr/local/texlive/2013/texmf-dist/tex/latex/latexconfig/graphics.cfg
File: graphics.cfg 2010/04/23 v1.9 graphics configuration of TeX Live
)
Package graphics Info: Driver file: dvipdfmx.def on input line 91.

(/usr/local/texlive/2013/texmf-dist/tex/latex/dvipdfmx-def/dvipdfmx.def
File: dvipdfmx.def 2013/05/27 v3.2 LaTeX graphics driver for dvipdfmx (TeX Live
/ChoF)
))
\Gin@req@height=\dimen129
\Gin@req@width=\dimen130
)
(/usr/local/texlive/2013/texmf-dist/tex/latex/url/url.sty
\Urlmuskip=\muskip10
Package: url 2006/04/12  ver 3.3  Verb mode for urls, etc.
)
\figuresep=\skip44
 (./IN201503.aux)
\openout1 = `IN201503.aux'.

LaTeX Font Info:    Checking defaults for OML/cmm/m/it on input line 78.
LaTeX Font Info:    ... okay on input line 78.
LaTeX Font Info:    Checking defaults for T1/cmr/m/n on input line 78.
LaTeX Font Info:    ... okay on input line 78.
LaTeX Font Info:    Checking defaults for OT1/cmr/m/n on input line 78.
LaTeX Font Info:    ... okay on input line 78.
LaTeX Font Info:    Checking defaults for OMS/cmsy/m/n on input line 78.
LaTeX Font Info:    ... okay on input line 78.
LaTeX Font Info:    Checking defaults for OMX/cmex/m/n on input line 78.
LaTeX Font Info:    ... okay on input line 78.
LaTeX Font Info:    Checking defaults for U/cmr/m/n on input line 78.
LaTeX Font Info:    ... okay on input line 78.
LaTeX Font Info:    Checking defaults for JY1/mc/m/n on input line 78.
LaTeX Font Info:    ... okay on input line 78.
LaTeX Font Info:    Checking defaults for JT1/mc/m/n on input line 78.
LaTeX Font Info:    ... okay on input line 78.
LaTeX Font Info:    Font shape `JT1/mc/bx/n' in size <10> not available
(Font)              Font shape `JT1/gt/m/n' tried instead on input line 84.
LaTeX Font Info:    Font shape `JY1/mc/bx/n' in size <10> not available
(Font)              Font shape `JY1/gt/m/n' tried instead on input line 84.
LaTeX Font Info:    External font `cmex10' loaded for size
(Font)              <12> on input line 127.
LaTeX Font Info:    External font `cmex10' loaded for size
(Font)              <8> on input line 127.
LaTeX Font Info:    External font `cmex10' loaded for size
(Font)              <6> on input line 127.
LaTeX Font Info:    Calculating math sizes for size <10.5> on input line 127.


LaTeX Font Warning: Font shape `OML/cmm/m/it' in size <10.5> not available
(Font)              size <10.95> substituted on input line 127.


LaTeX Font Warning: Font shape `OMS/cmsy/m/n' in size <10.5> not available
(Font)              size <10.95> substituted on input line 127.

LaTeX Font Info:    External font `cmex10' loaded for size
(Font)              <10.5> on input line 127.
LaTeX Font Info:    External font `cmex10' loaded for size
(Font)              <7.34996> on input line 127.
LaTeX Font Info:    External font `cmex10' loaded for size
(Font)              <5.25> on input line 127.
LaTeX Font Info:    Font shape `JT1/mc/bx/n' in size <10.95> not available
(Font)              Font shape `JT1/gt/m/n' tried instead on input line 132.
LaTeX Font Info:    Font shape `JY1/mc/bx/n' in size <10.95> not available
(Font)              Font shape `JY1/gt/m/n' tried instead on input line 132.
LaTeX Font Info:    External font `cmex10' loaded for size
(Font)              <9> on input line 132.
LaTeX Font Info:    External font `cmex10' loaded for size
(Font)              <5> on input line 132.
[1


]
File: figure/frequency.pdf Graphic file (type pdf)
 <figure/frequency.pdf>
File: figure/cts_blocking.pdf Graphic file (type pdf)
 <figure/cts_blocking.pdf> [2]
LaTeX Font Info:    Font shape `JT1/mc/bx/n' in size <9> not available
(Font)              Font shape `JT1/gt/m/n' tried instead on input line 431.
LaTeX Font Info:    Font shape `JY1/mc/bx/n' in size <9> not available
(Font)              Font shape `JY1/gt/m/n' tried instead on input line 431.
File: figure/aa_cts_blocking.pdf Graphic file (type pdf)

<figure/aa_cts_blocking.pdf>
File: figure/sequence.pdf Graphic file (type pdf)
 <figure/sequence.pdf> [3]
File: figure/aacts_snw.pdf Graphic file (type pdf)
 <figure/aacts_snw.pdf>
[4]
File: figure/nowave_box.pdf Graphic file (type pdf)
 <figure/nowave_box.pdf>
File: figure/fukuda_lab.pdf Graphic file (type pdf)
 <figure/fukuda_lab.pdf>
File: figure/eff_all_zigbee.pdf Graphic file (type pdf)

<figure/eff_all_zigbee.pdf> [5]
File: figure/eff_one_zigbee.pdf Graphic file (type pdf)
 <figure/eff_one_zigbee.pdf>
LaTeX Font Info:    Font shape `JT1/mc/m/it' in size <8> not available
(Font)              Font shape `JT1/mc/m/n' tried instead on input line 957.
LaTeX Font Info:    Font shape `JY1/mc/m/it' in size <8> not available
(Font)              Font shape `JY1/mc/m/n' tried instead on input line 957.
Missing character: There is no ^^e2 in font cmr8!
Missing character: There is no ^^80 in font cmr8!
Missing character: There is no ^^93 in font cmr8!

Overfull \hbox (25.3108pt too wide) in paragraph at lines 1030--1033
[]\OT1/cmr/m/n/8 http://www.sessionview.com/data/postevent/EU-05/Don-Sturek-
 []

[6] (./IN201503.aux)

LaTeX Font Warning: Size substitutions with differences
(Font)              up to 0.45pt have occurred.

 ) 
Here is how much of TeX's memory you used:
 1060 strings out of 494008
 12276 string characters out of 6154473
 82064 words of memory out of 5000000
 4546 multiletter control sequences out of 15000+600000
 19377 words of font info for 74 fonts, out of 8000000 for 9000
 746 hyphenation exceptions out of 8191
 25i,7n,22p,455b,296s stack positions out of 5000i,500n,10000p,200000b,80000s

Output written on IN201503.dvi (6 pages, 50384 bytes).
